0 info it worked if it ends with ok
1 verbose cli [ '/usr/bin/nodejs',
1 verbose cli   '/usr/bin/npm',
1 verbose cli   'install',
1 verbose cli   '-g',
1 verbose cli   'coffee-script' ]
2 info using npm@3.5.2
3 info using node@v4.2.6
4 silly loadCurrentTree Starting
5 silly install loadCurrentTree
6 silly install readGlobalPackageData
7 silly fetchPackageMetaData coffee-script
8 silly fetchNamedPackageData coffee-script
9 silly mapToRegistry name coffee-script
10 silly mapToRegistry using default registry
11 silly mapToRegistry registry https://registry.npmjs.org/
12 silly mapToRegistry uri https://registry.npmjs.org/coffee-script
13 verbose request uri https://registry.npmjs.org/coffee-script
14 verbose request no auth needed
15 info attempt registry request try #1 at 11:44:54 p. m.
16 verbose request id 63300460d9d757ab
17 http request GET https://registry.npmjs.org/coffee-script
18 http 200 https://registry.npmjs.org/coffee-script
19 verbose headers { server: 'nginx/1.10.1',
19 verbose headers   'content-type': 'application/json',
19 verbose headers   'last-modified': 'Fri, 16 Dec 2016 09:36:40 GMT',
19 verbose headers   etag: 'W/"5853b5a8-c52a"',
19 verbose headers   'content-encoding': 'gzip',
19 verbose headers   'cache-control': 'max-age=300',
19 verbose headers   'content-length': '7274',
19 verbose headers   'accept-ranges': 'bytes',
19 verbose headers   date: 'Mon, 19 Dec 2016 02:44:56 GMT',
19 verbose headers   via: '1.1 varnish',
19 verbose headers   age: '0',
19 verbose headers   connection: 'keep-alive',
19 verbose headers   'x-served-by': 'cache-mia1326-MIA',
19 verbose headers   'x-cache': 'HIT',
19 verbose headers   'x-cache-hits': '1',
19 verbose headers   'x-timer': 'S1482115495.857224,VS0,VE170',
19 verbose headers   vary: 'Accept-Encoding' }
20 silly get cb [ 200,
20 silly get   { server: 'nginx/1.10.1',
20 silly get     'content-type': 'application/json',
20 silly get     'last-modified': 'Fri, 16 Dec 2016 09:36:40 GMT',
20 silly get     etag: 'W/"5853b5a8-c52a"',
20 silly get     'content-encoding': 'gzip',
20 silly get     'cache-control': 'max-age=300',
20 silly get     'content-length': '7274',
20 silly get     'accept-ranges': 'bytes',
20 silly get     date: 'Mon, 19 Dec 2016 02:44:56 GMT',
20 silly get     via: '1.1 varnish',
20 silly get     age: '0',
20 silly get     connection: 'keep-alive',
20 silly get     'x-served-by': 'cache-mia1326-MIA',
20 silly get     'x-cache': 'HIT',
20 silly get     'x-cache-hits': '1',
20 silly get     'x-timer': 'S1482115495.857224,VS0,VE170',
20 silly get     vary: 'Accept-Encoding' } ]
21 verbose get saving coffee-script to /home/marco/.npm/registry.npmjs.org/coffee-script/.cache.json
22 verbose makeDirectory /home/marco/.npm creation not in flight; initializing
23 silly makeDirectory /home/marco/.npm uid: 1000 gid: 1000
24 silly install normalizeTree
25 silly loadCurrentTree Finishing
26 silly loadIdealTree Starting
27 silly install loadIdealTree
28 silly cloneCurrentTree Starting
29 silly install cloneCurrentTreeToIdealTree
30 silly cloneCurrentTree Finishing
31 silly loadShrinkwrap Starting
32 silly install loadShrinkwrap
33 silly loadShrinkwrap Finishing
34 silly loadAllDepsIntoIdealTree Starting
35 silly install loadAllDepsIntoIdealTree
36 silly resolveWithNewModule coffee-script@1.12.2 checking installable status
37 silly cache add args [ 'coffee-script', null ]
38 verbose cache add spec coffee-script
39 silly cache add parsed spec Result {
39 silly cache add   raw: 'coffee-script',
39 silly cache add   scope: null,
39 silly cache add   name: 'coffee-script',
39 silly cache add   rawSpec: '',
39 silly cache add   spec: 'latest',
39 silly cache add   type: 'tag' }
40 silly addNamed coffee-script@latest
41 verbose addNamed "latest" is being treated as a dist-tag for coffee-script
42 info addNameTag [ 'coffee-script', 'latest' ]
43 silly mapToRegistry name coffee-script
44 silly mapToRegistry using default registry
45 silly mapToRegistry registry https://registry.npmjs.org/
46 silly mapToRegistry uri https://registry.npmjs.org/coffee-script
47 verbose addNameTag registry:https://registry.npmjs.org/coffee-script not in flight; fetching
48 verbose get https://registry.npmjs.org/coffee-script not expired, no request
49 silly addNameTag next cb for coffee-script with tag latest
50 silly addNamed coffee-script@1.12.2
51 verbose addNamed "1.12.2" is a plain semver version for coffee-script
52 silly mapToRegistry name coffee-script
53 silly mapToRegistry using default registry
54 silly mapToRegistry registry https://registry.npmjs.org/
55 silly mapToRegistry uri https://registry.npmjs.org/coffee-script
56 verbose addRemoteTarball https://registry.npmjs.org/coffee-script/-/coffee-script-1.12.2.tgz not in flight; adding
57 verbose addRemoteTarball [ 'https://registry.npmjs.org/coffee-script/-/coffee-script-1.12.2.tgz',
57 verbose addRemoteTarball   '0d4cbdee183f650da95419570c4929d08ef91376' ]
58 info retry fetch attempt 1 at 11:44:56 p. m.
59 info attempt registry request try #1 at 11:44:56 p. m.
60 http fetch GET https://registry.npmjs.org/coffee-script/-/coffee-script-1.12.2.tgz
61 http fetch 200 https://registry.npmjs.org/coffee-script/-/coffee-script-1.12.2.tgz
62 silly fetchAndShaCheck shasum 0d4cbdee183f650da95419570c4929d08ef91376
63 verbose addTmpTarball /tmp/npm-13786-eba47188/registry.npmjs.org/coffee-script/-/coffee-script-1.12.2.tgz not in flight; adding
64 verbose addTmpTarball already have metadata; skipping unpack for coffee-script@1.12.2
65 silly cache afterAdd coffee-script@1.12.2
66 verbose afterAdd /home/marco/.npm/coffee-script/1.12.2/package/package.json not in flight; writing
67 verbose afterAdd /home/marco/.npm/coffee-script/1.12.2/package/package.json written
68 silly loadAllDepsIntoIdealTree Finishing
69 silly idealTree:prePrune lib
69 silly idealTree:prePrune └── coffee-script@1.12.2
70 silly loadIdealTree Finishing
71 silly currentTree lib
72 silly idealTree lib
72 silly idealTree └── coffee-script@1.12.2
73 silly generateActionsToTake Starting
74 silly install generateActionsToTake
75 warn checkPermissions Missing write access to /usr/local/lib
76 silly rollbackFailedOptional Starting
77 silly rollbackFailedOptional Finishing
78 silly runTopLevelLifecycles Starting
79 silly runTopLevelLifecycles Finishing
80 silly install printInstalled
81 verbose stack Error: EACCES: permission denied, access '/usr/local/lib'
81 verbose stack     at Error (native)
82 verbose cwd /home/marco/tiendaonline
83 error Linux 4.4.0-53-generic
84 error argv "/usr/bin/nodejs" "/usr/bin/npm" "install" "-g" "coffee-script"
85 error node v4.2.6
86 error npm  v3.5.2
87 error path /usr/local/lib
88 error code EACCES
89 error errno -13
90 error syscall access
91 error Error: EACCES: permission denied, access '/usr/local/lib'
91 error     at Error (native)
91 error  { [Error: EACCES: permission denied, access '/usr/local/lib']
91 error   errno: -13,
91 error   code: 'EACCES',
91 error   syscall: 'access',
91 error   path: '/usr/local/lib' }
92 error Please try running this command again as root/Administrator.
93 verbose exit [ -13, true ]
